# JRE version: Java(TM) SE Runtime Environment (8.0_251-b08) (build 1.8.0_251-b08)
# Java VM: Java HotSpot(TM) 64-Bit Server VM (25.251-b08 mixed mode windows-amd64 compressed oops)
Heap:
 PSYoungGen      total 26624K, used 24781K [0x00000000f5f00000, 0x00000000f7e00000, 0x0000000100000000)
  eden space 23552K, 92% used [0x00000000f5f00000,0x00000000f7439aa0,0x00000000f7600000)
  from space 3072K, 99% used [0x00000000f7a00000,0x00000000f7cf9ac0,0x00000000f7d00000)
  to   space 4096K, 0% used [0x00000000f7600000,0x00000000f7600000,0x00000000f7a00000)
 ParOldGen       total 18944K, used 4486K [0x00000000e1c00000, 0x00000000e2e80000, 0x00000000f5f00000)
  object space 18944K, 23% used [0x00000000e1c00000,0x00000000e2061a10,0x00000000e2e80000)
 Metaspace       used 12496K, capacity 12786K, committed 12928K, reserved 1062912K
  class space    used 1521K, capacity 1613K, committed 1664K, reserved 1048576K
GC Heap History (10 events):
Event: 1.489 GC heap before
{Heap before GC invocations=3 (full 0):
 PSYoungGen      total 9728K, used 9703K [0x00000000f5f00000, 0x00000000f7200000, 0x0000000100000000)
  eden space 8704K, 100% used [0x00000000f5f00000,0x00000000f6780000,0x00000000f6780000)
  from space 1024K, 97% used [0x00000000f6880000,0x00000000f6979ea0,0x00000000f6980000)
  to   space 1024K, 0% used [0x00000000f6780000,0x00000000f6780000,0x00000000f6880000)
 ParOldGen       total 22016K, used 2174K [0x00000000e1c00000, 0x00000000e3180000, 0x00000000f5f00000)
  object space 22016K, 9% used [0x00000000e1c00000,0x00000000e1e1fab8,0x00000000e3180000)
 Metaspace       used 6952K, capacity 7100K, committed 7424K, reserved 1056768K
  class space    used 870K, capacity 920K, committed 1024K, reserved 1048576K
Event: 1.493 GC heap after
Heap after GC invocations=3 (full 0):
 PSYoungGen      total 9728K, used 1024K [0x00000000f5f00000, 0x00000000f7200000, 0x0000000100000000)
  eden space 8704K, 0% used [0x00000000f5f00000,0x00000000f5f00000,0x00000000f6780000)
  from space 1024K, 100% used [0x00000000f6780000,0x00000000f6880000,0x00000000f6880000)
  to   space 1024K, 0% used [0x00000000f7100000,0x00000000f7100000,0x00000000f7200000)
 ParOldGen       total 22016K, used 2638K [0x00000000e1c00000, 0x00000000e3180000, 0x00000000f5f00000)
  object space 22016K, 11% used [0x00000000e1c00000,0x00000000e1e93b28,0x00000000e3180000)
 Metaspace       used 6952K, capacity 7100K, committed 7424K, reserved 1056768K
  class space    used 870K, capacity 920K, committed 1024K, reserved 1048576K
}
Event: 1.625 GC heap before
{Heap before GC invocations=4 (full 0):
 PSYoungGen      total 9728K, used 4264K [0x00000000f5f00000, 0x00000000f7200000, 0x0000000100000000)
  eden space 8704K, 37% used [0x00000000f5f00000,0x00000000f622a098,0x00000000f6780000)
  from space 1024K, 100% used [0x00000000f6780000,0x00000000f6880000,0x00000000f6880000)
  to   space 1024K, 0% used [0x00000000f7100000,0x00000000f7100000,0x00000000f7200000)
 ParOldGen       total 22016K, used 2638K [0x00000000e1c00000, 0x00000000e3180000, 0x00000000f5f00000)
  object space 22016K, 11% used [0x00000000e1c00000,0x00000000e1e93b28,0x00000000e3180000)
 Metaspace       used 7202K, capacity 7324K, committed 7424K, reserved 1060864K
  class space    used 901K, capacity 952K, committed 1024K, reserved 1048576K
Event: 1.630 GC heap after
Heap after GC invocations=4 (full 0):
 PSYoungGen      total 18432K, used 992K [0x00000000f5f00000, 0x00000000f7200000, 0x0000000100000000)
  eden space 17408K, 0% used [0x00000000f5f00000,0x00000000f5f00000,0x00000000f7000000)
  from space 1024K, 96% used [0x00000000f7100000,0x00000000f71f8020,0x00000000f7200000)
  to   space 1024K, 0% used [0x00000000f7000000,0x00000000f7000000,0x00000000f7100000)
 ParOldGen       total 22016K, used 2977K [0x00000000e1c00000, 0x00000000e3180000, 0x00000000f5f00000)
  object space 22016K, 13% used [0x00000000e1c00000,0x00000000e1ee8540,0x00000000e3180000)
 Metaspace       used 7202K, capacity 7324K, committed 7424K, reserved 1060864K
  class space    used 901K, capacity 952K, committed 1024K, reserved 1048576K
}
Event: 1.630 GC heap before
{Heap before GC invocations=5 (full 1):
 PSYoungGen      total 18432K, used 992K [0x00000000f5f00000, 0x00000000f7200000, 0x0000000100000000)
  eden space 17408K, 0% used [0x00000000f5f00000,0x00000000f5f00000,0x00000000f7000000)
  from space 1024K, 96% used [0x00000000f7100000,0x00000000f71f8020,0x00000000f7200000)
  to   space 1024K, 0% used [0x00000000f7000000,0x00000000f7000000,0x00000000f7100000)
 ParOldGen       total 22016K, used 2977K [0x00000000e1c00000, 0x00000000e3180000, 0x00000000f5f00000)
  object space 22016K, 13% used [0x00000000e1c00000,0x00000000e1ee8540,0x00000000e3180000)
 Metaspace       used 7202K, capacity 7324K, committed 7424K, reserved 1060864K
  class space    used 901K, capacity 952K, committed 1024K, reserved 1048576K
Event: 1.716 GC heap after
Heap after GC invocations=5 (full 1):
 PSYoungGen      total 18432K, used 0K [0x00000000f5f00000, 0x00000000f7200000, 0x0000000100000000)
  eden space 17408K, 0% used [0x00000000f5f00000,0x00000000f5f00000,0x00000000f7000000)
  from space 1024K, 0% used [0x00000000f7100000,0x00000000f7100000,0x00000000f7200000)
  to   space 1024K, 0% used [0x00000000f7000000,0x00000000f7000000,0x00000000f7100000)
 ParOldGen       total 18944K, used 1705K [0x00000000e1c00000, 0x00000000e2e80000, 0x00000000f5f00000)
  object space 18944K, 9% used [0x00000000e1c00000,0x00000000e1daa650,0x00000000e2e80000)
 Metaspace       used 7202K, capacity 7324K, committed 7424K, reserved 1058816K
  class space    used 901K, capacity 952K, committed 1024K, reserved 1048576K
}
Event: 2.283 GC heap before
{Heap before GC invocations=6 (full 1):
 PSYoungGen      total 18432K, used 17408K [0x00000000f5f00000, 0x00000000f7200000, 0x0000000100000000)
  eden space 17408K, 100% used [0x00000000f5f00000,0x00000000f7000000,0x00000000f7000000)
  from space 1024K, 0% used [0x00000000f7100000,0x00000000f7100000,0x00000000f7200000)
  to   space 1024K, 0% used [0x00000000f7000000,0x00000000f7000000,0x00000000f7100000)
 ParOldGen       total 18944K, used 1705K [0x00000000e1c00000, 0x00000000e2e80000, 0x00000000f5f00000)
  object space 18944K, 9% used [0x00000000e1c00000,0x00000000e1daa650,0x00000000e2e80000)
 Metaspace       used 9385K, capacity 9532K, committed 9728K, reserved 1058816K
  class space    used 1225K, capacity 1277K, committed 1280K, reserved 1048576K
Event: 2.335 GC heap after
Heap after GC invocations=6 (full 1):
 PSYoungGen      total 18432K, used 1019K [0x00000000f5f00000, 0x00000000f7d00000, 0x0000000100000000)
  eden space 17408K, 0% used [0x00000000f5f00000,0x00000000f5f00000,0x00000000f7000000)
  from space 1024K, 99% used [0x00000000f7000000,0x00000000f70feeb0,0x00000000f7100000)
  to   space 3072K, 0% used [0x00000000f7a00000,0x00000000f7a00000,0x00000000f7d00000)
 ParOldGen       total 18944K, used 3507K [0x00000000e1c00000, 0x00000000e2e80000, 0x00000000f5f00000)
  object space 18944K, 18% used [0x00000000e1c00000,0x00000000e1f6cd48,0x00000000e2e80000)
 Metaspace       used 9385K, capacity 9532K, committed 9728K, reserved 1058816K
  class space    used 1225K, capacity 1277K, committed 1280K, reserved 1048576K
}
Event: 4.454 GC heap before
{Heap before GC invocations=7 (full 1):
 PSYoungGen      total 18432K, used 18427K [0x00000000f5f00000, 0x00000000f7d00000, 0x0000000100000000)
  eden space 17408K, 100% used [0x00000000f5f00000,0x00000000f7000000,0x00000000f7000000)
  from space 1024K, 99% used [0x00000000f7000000,0x00000000f70feeb0,0x00000000f7100000)
  to   space 3072K, 0% used [0x00000000f7a00000,0x00000000f7a00000,0x00000000f7d00000)
 ParOldGen       total 18944K, used 3507K [0x00000000e1c00000, 0x00000000e2e80000, 0x00000000f5f00000)
  object space 18944K, 18% used [0x00000000e1c00000,0x00000000e1f6cd48,0x00000000e2e80000)
 Metaspace       used 12275K, capacity 12460K, committed 12672K, reserved 1062912K
  class space    used 1511K, capacity 1573K, committed 1664K, reserved 1048576K
Event: 4.464 GC heap after
Heap after GC invocations=7 (full 1):
 PSYoungGen      total 26624K, used 3046K [0x00000000f5f00000, 0x00000000f7e00000, 0x0000000100000000)
  eden space 23552K, 0% used [0x00000000f5f00000,0x00000000f5f00000,0x00000000f7600000)
  from space 3072K, 99% used [0x00000000f7a00000,0x00000000f7cf9ac0,0x00000000f7d00000)
  to   space 4096K, 0% used [0x00000000f7600000,0x00000000f7600000,0x00000000f7a00000)
 ParOldGen       total 18944K, used 4486K [0x00000000e1c00000, 0x00000000e2e80000, 0x00000000f5f00000)
  object space 18944K, 23% used [0x00000000e1c00000,0x00000000e2061a10,0x00000000e2e80000)
 Metaspace       used 12275K, capacity 12460K, committed 12672K, reserved 1062912K
  class space    used 1511K, capacity 1573K, committed 1664K, reserved 1048576K
}

