# JRE version: Java(TM) SE Runtime Environment (8.0_251-b08) (build 1.8.0_251-b08)
# Java VM: Java HotSpot(TM) 64-Bit Server VM (25.251-b08 mixed mode windows-amd64 compressed oops)
Heap:
 PSYoungGen      total 74240K, used 7399K [0x00000000f5f00000, 0x00000000ff300000, 0x0000000100000000)
  eden space 69632K, 4% used [0x00000000f5f00000,0x00000000f61c1dd8,0x00000000fa300000)
  from space 4608K, 99% used [0x00000000fa300000,0x00000000fa778020,0x00000000fa780000)
  to   space 6144K, 0% used [0x00000000fed00000,0x00000000fed00000,0x00000000ff300000)
 ParOldGen       total 22016K, used 11172K [0x00000000e1c00000, 0x00000000e3180000, 0x00000000f5f00000)
  object space 22016K, 50% used [0x00000000e1c00000,0x00000000e26e9368,0x00000000e3180000)
 Metaspace       used 13059K, capacity 13352K, committed 13440K, reserved 1060864K
  class space    used 1531K, capacity 1622K, committed 1664K, reserved 1048576K
GC Heap History (10 events):
Event: 2.454 GC heap before
{Heap before GC invocations=3 (full 0):
 PSYoungGen      total 18432K, used 18407K [0x00000000f5f00000, 0x00000000f7200000, 0x0000000100000000)
  eden space 17408K, 100% used [0x00000000f5f00000,0x00000000f7000000,0x00000000f7000000)
  from space 1024K, 97% used [0x00000000f7100000,0x00000000f71f9ea0,0x00000000f7200000)
  to   space 1024K, 0% used [0x00000000f7000000,0x00000000f7000000,0x00000000f7100000)
 ParOldGen       total 22016K, used 2137K [0x00000000e1c00000, 0x00000000e3180000, 0x00000000f5f00000)
  object space 22016K, 9% used [0x00000000e1c00000,0x00000000e1e164a0,0x00000000e3180000)
 Metaspace       used 7956K, capacity 8104K, committed 8320K, reserved 1056768K
  class space    used 1013K, capacity 1082K, committed 1152K, reserved 1048576K
Event: 2.462 GC heap after
Heap after GC invocations=3 (full 0):
 PSYoungGen      total 18432K, used 1024K [0x00000000f5f00000, 0x00000000f8300000, 0x0000000100000000)
  eden space 17408K, 0% used [0x00000000f5f00000,0x00000000f5f00000,0x00000000f7000000)
  from space 1024K, 100% used [0x00000000f7000000,0x00000000f7100000,0x00000000f7100000)
  to   space 1024K, 0% used [0x00000000f8200000,0x00000000f8200000,0x00000000f8300000)
 ParOldGen       total 22016K, used 3715K [0x00000000e1c00000, 0x00000000e3180000, 0x00000000f5f00000)
  object space 22016K, 16% used [0x00000000e1c00000,0x00000000e1fa0f58,0x00000000e3180000)
 Metaspace       used 7956K, capacity 8104K, committed 8320K, reserved 1056768K
  class space    used 1013K, capacity 1082K, committed 1152K, reserved 1048576K
}
Event: 3.129 GC heap before
{Heap before GC invocations=4 (full 0):
 PSYoungGen      total 18432K, used 18432K [0x00000000f5f00000, 0x00000000f8300000, 0x0000000100000000)
  eden space 17408K, 100% used [0x00000000f5f00000,0x00000000f7000000,0x00000000f7000000)
  from space 1024K, 100% used [0x00000000f7000000,0x00000000f7100000,0x00000000f7100000)
  to   space 1024K, 0% used [0x00000000f8200000,0x00000000f8200000,0x00000000f8300000)
 ParOldGen       total 22016K, used 3715K [0x00000000e1c00000, 0x00000000e3180000, 0x00000000f5f00000)
  object space 22016K, 16% used [0x00000000e1c00000,0x00000000e1fa0f58,0x00000000e3180000)
 Metaspace       used 10267K, capacity 10460K, committed 10624K, reserved 1058816K
  class space    used 1309K, capacity 1373K, committed 1408K, reserved 1048576K
Event: 3.138 GC heap after
Heap after GC invocations=4 (full 0):
 PSYoungGen      total 35840K, used 1024K [0x00000000f5f00000, 0x00000000f8300000, 0x0000000100000000)
  eden space 34816K, 0% used [0x00000000f5f00000,0x00000000f5f00000,0x00000000f8100000)
  from space 1024K, 100% used [0x00000000f8200000,0x00000000f8300000,0x00000000f8300000)
  to   space 1024K, 0% used [0x00000000f8100000,0x00000000f8100000,0x00000000f8200000)
 ParOldGen       total 22016K, used 6394K [0x00000000e1c00000, 0x00000000e3180000, 0x00000000f5f00000)
  object space 22016K, 29% used [0x00000000e1c00000,0x00000000e223e940,0x00000000e3180000)
 Metaspace       used 10267K, capacity 10460K, committed 10624K, reserved 1058816K
  class space    used 1309K, capacity 1373K, committed 1408K, reserved 1048576K
}
Event: 6.353 GC heap before
{Heap before GC invocations=5 (full 0):
 PSYoungGen      total 35840K, used 35840K [0x00000000f5f00000, 0x00000000f8300000, 0x0000000100000000)
  eden space 34816K, 100% used [0x00000000f5f00000,0x00000000f8100000,0x00000000f8100000)
  from space 1024K, 100% used [0x00000000f8200000,0x00000000f8300000,0x00000000f8300000)
  to   space 1024K, 0% used [0x00000000f8100000,0x00000000f8100000,0x00000000f8200000)
 ParOldGen       total 22016K, used 6394K [0x00000000e1c00000, 0x00000000e3180000, 0x00000000f5f00000)
  object space 22016K, 29% used [0x00000000e1c00000,0x00000000e223e940,0x00000000e3180000)
 Metaspace       used 12535K, capacity 12850K, committed 13184K, reserved 1060864K
  class space    used 1522K, capacity 1613K, committed 1664K, reserved 1048576K
Event: 6.440 GC heap after
Heap after GC invocations=5 (full 0):
 PSYoungGen      total 35840K, used 992K [0x00000000f5f00000, 0x00000000fac00000, 0x0000000100000000)
  eden space 34816K, 0% used [0x00000000f5f00000,0x00000000f5f00000,0x00000000f8100000)
  from space 1024K, 96% used [0x00000000f8100000,0x00000000f81f8020,0x00000000f8200000)
  to   space 4608K, 0% used [0x00000000fa780000,0x00000000fa780000,0x00000000fac00000)
 ParOldGen       total 22016K, used 9300K [0x00000000e1c00000, 0x00000000e3180000, 0x00000000f5f00000)
  object space 22016K, 42% used [0x00000000e1c00000,0x00000000e2515318,0x00000000e3180000)
 Metaspace       used 12535K, capacity 12850K, committed 13184K, reserved 1060864K
  class space    used 1522K, capacity 1613K, committed 1664K, reserved 1048576K
}
Event: 10.349 GC heap before
{Heap before GC invocations=6 (full 0):
 PSYoungGen      total 35840K, used 35808K [0x00000000f5f00000, 0x00000000fac00000, 0x0000000100000000)
  eden space 34816K, 100% used [0x00000000f5f00000,0x00000000f8100000,0x00000000f8100000)
  from space 1024K, 96% used [0x00000000f8100000,0x00000000f81f8020,0x00000000f8200000)
  to   space 4608K, 0% used [0x00000000fa780000,0x00000000fa780000,0x00000000fac00000)
 ParOldGen       total 22016K, used 9300K [0x00000000e1c00000, 0x00000000e3180000, 0x00000000f5f00000)
  object space 22016K, 42% used [0x00000000e1c00000,0x00000000e2515318,0x00000000e3180000)
 Metaspace       used 12638K, capacity 12938K, committed 13184K, reserved 1060864K
  class space    used 1526K, capacity 1617K, committed 1664K, reserved 1048576K
Event: 10.371 GC heap after
Heap after GC invocations=6 (full 0):
 PSYoungGen      total 74240K, used 2656K [0x00000000f5f00000, 0x00000000fac00000, 0x0000000100000000)
  eden space 69632K, 0% used [0x00000000f5f00000,0x00000000f5f00000,0x00000000fa300000)
  from space 4608K, 57% used [0x00000000fa780000,0x00000000faa18020,0x00000000fac00000)
  to   space 4608K, 0% used [0x00000000fa300000,0x00000000fa300000,0x00000000fa780000)
 ParOldGen       total 22016K, used 9300K [0x00000000e1c00000, 0x00000000e3180000, 0x00000000f5f00000)
  object space 22016K, 42% used [0x00000000e1c00000,0x00000000e2515318,0x00000000e3180000)
 Metaspace       used 12638K, capacity 12938K, committed 13184K, reserved 1060864K
  class space    used 1526K, capacity 1617K, committed 1664K, reserved 1048576K
}
Event: 20.807 GC heap before
{Heap before GC invocations=7 (full 0):
 PSYoungGen      total 74240K, used 72288K [0x00000000f5f00000, 0x00000000fac00000, 0x0000000100000000)
  eden space 69632K, 100% used [0x00000000f5f00000,0x00000000fa300000,0x00000000fa300000)
  from space 4608K, 57% used [0x00000000fa780000,0x00000000faa18020,0x00000000fac00000)
  to   space 4608K, 0% used [0x00000000fa300000,0x00000000fa300000,0x00000000fa780000)
 ParOldGen       total 22016K, used 9300K [0x00000000e1c00000, 0x00000000e3180000, 0x00000000f5f00000)
  object space 22016K, 42% used [0x00000000e1c00000,0x00000000e2515318,0x00000000e3180000)
 Metaspace       used 13024K, capacity 13288K, committed 13440K, reserved 1060864K
  class space    used 1531K, capacity 1622K, committed 1664K, reserved 1048576K
Event: 20.836 GC heap after
Heap after GC invocations=7 (full 0):
 PSYoungGen      total 74240K, used 4576K [0x00000000f5f00000, 0x00000000ff300000, 0x0000000100000000)
  eden space 69632K, 0% used [0x00000000f5f00000,0x00000000f5f00000,0x00000000fa300000)
  from space 4608K, 99% used [0x00000000fa300000,0x00000000fa778020,0x00000000fa780000)
  to   space 6144K, 0% used [0x00000000fed00000,0x00000000fed00000,0x00000000ff300000)
 ParOldGen       total 22016K, used 11172K [0x00000000e1c00000, 0x00000000e3180000, 0x00000000f5f00000)
  object space 22016K, 50% used [0x00000000e1c00000,0x00000000e26e9368,0x00000000e3180000)
 Metaspace       used 13024K, capacity 13288K, committed 13440K, reserved 1060864K
  class space    used 1531K, capacity 1622K, committed 1664K, reserved 1048576K
}

