# JRE version: Java(TM) SE Runtime Environment (8.0_251-b08) (build 1.8.0_251-b08)
# Java VM: Java HotSpot(TM) 64-Bit Server VM (25.251-b08 mixed mode windows-amd64 compressed oops)
Heap:
 PSYoungGen      total 20480K, used 14402K [0x00000000f5f00000, 0x00000000f7600000, 0x0000000100000000)
  eden space 17408K, 74% used [0x00000000f5f00000,0x00000000f6b995c0,0x00000000f7000000)
  from space 3072K, 48% used [0x00000000f7300000,0x00000000f7477450,0x00000000f7600000)
  to   space 3072K, 0% used [0x00000000f7000000,0x00000000f7000000,0x00000000f7300000)
 ParOldGen       total 22016K, used 8568K [0x00000000e1c00000, 0x00000000e3180000, 0x00000000f5f00000)
  object space 22016K, 38% used [0x00000000e1c00000,0x00000000e245e030,0x00000000e3180000)
 Metaspace       used 12532K, capacity 12850K, committed 13184K, reserved 1060864K
  class space    used 1521K, capacity 1613K, committed 1664K, reserved 1048576K
GC Heap History (10 events):
Event: 5.225 GC heap before
{Heap before GC invocations=4 (full 0):
 PSYoungGen      total 9728K, used 9696K [0x00000000f5f00000, 0x00000000f6980000, 0x0000000100000000)
  eden space 8704K, 100% used [0x00000000f5f00000,0x00000000f6780000,0x00000000f6780000)
  from space 1024K, 96% used [0x00000000f6780000,0x00000000f6878020,0x00000000f6880000)
  to   space 1024K, 0% used [0x00000000f6880000,0x00000000f6880000,0x00000000f6980000)
 ParOldGen       total 22016K, used 2641K [0x00000000e1c00000, 0x00000000e3180000, 0x00000000f5f00000)
  object space 22016K, 11% used [0x00000000e1c00000,0x00000000e1e94658,0x00000000e3180000)
 Metaspace       used 7988K, capacity 8168K, committed 8320K, reserved 1056768K
  class space    used 1017K, capacity 1082K, committed 1152K, reserved 1048576K
Event: 5.487 GC heap after
Heap after GC invocations=4 (full 0):
 PSYoungGen      total 9728K, used 1008K [0x00000000f5f00000, 0x00000000f6980000, 0x0000000100000000)
  eden space 8704K, 0% used [0x00000000f5f00000,0x00000000f5f00000,0x00000000f6780000)
  from space 1024K, 98% used [0x00000000f6880000,0x00000000f697c010,0x00000000f6980000)
  to   space 1024K, 0% used [0x00000000f6780000,0x00000000f6780000,0x00000000f6880000)
 ParOldGen       total 22016K, used 3765K [0x00000000e1c00000, 0x00000000e3180000, 0x00000000f5f00000)
  object space 22016K, 17% used [0x00000000e1c00000,0x00000000e1fad7b8,0x00000000e3180000)
 Metaspace       used 7988K, capacity 8168K, committed 8320K, reserved 1056768K
  class space    used 1017K, capacity 1082K, committed 1152K, reserved 1048576K
}
Event: 5.804 GC heap before
{Heap before GC invocations=5 (full 0):
 PSYoungGen      total 9728K, used 9712K [0x00000000f5f00000, 0x00000000f6980000, 0x0000000100000000)
  eden space 8704K, 100% used [0x00000000f5f00000,0x00000000f6780000,0x00000000f6780000)
  from space 1024K, 98% used [0x00000000f6880000,0x00000000f697c010,0x00000000f6980000)
  to   space 1024K, 0% used [0x00000000f6780000,0x00000000f6780000,0x00000000f6880000)
 ParOldGen       total 22016K, used 3765K [0x00000000e1c00000, 0x00000000e3180000, 0x00000000f5f00000)
  object space 22016K, 17% used [0x00000000e1c00000,0x00000000e1fad7b8,0x00000000e3180000)
 Metaspace       used 9199K, capacity 9372K, committed 9472K, reserved 1058816K
  class space    used 1178K, capacity 1245K, committed 1280K, reserved 1048576K
Event: 5.859 GC heap after
Heap after GC invocations=5 (full 0):
 PSYoungGen      total 9728K, used 1008K [0x00000000f5f00000, 0x00000000f6980000, 0x0000000100000000)
  eden space 8704K, 0% used [0x00000000f5f00000,0x00000000f5f00000,0x00000000f6780000)
  from space 1024K, 98% used [0x00000000f6780000,0x00000000f687c010,0x00000000f6880000)
  to   space 1024K, 0% used [0x00000000f6880000,0x00000000f6880000,0x00000000f6980000)
 ParOldGen       total 22016K, used 5112K [0x00000000e1c00000, 0x00000000e3180000, 0x00000000f5f00000)
  object space 22016K, 23% used [0x00000000e1c00000,0x00000000e20fe210,0x00000000e3180000)
 Metaspace       used 9199K, capacity 9372K, committed 9472K, reserved 1058816K
  class space    used 1178K, capacity 1245K, committed 1280K, reserved 1048576K
}
Event: 7.404 GC heap before
{Heap before GC invocations=6 (full 0):
 PSYoungGen      total 9728K, used 9712K [0x00000000f5f00000, 0x00000000f6980000, 0x0000000100000000)
  eden space 8704K, 100% used [0x00000000f5f00000,0x00000000f6780000,0x00000000f6780000)
  from space 1024K, 98% used [0x00000000f6780000,0x00000000f687c010,0x00000000f6880000)
  to   space 1024K, 0% used [0x00000000f6880000,0x00000000f6880000,0x00000000f6980000)
 ParOldGen       total 22016K, used 5112K [0x00000000e1c00000, 0x00000000e3180000, 0x00000000f5f00000)
  object space 22016K, 23% used [0x00000000e1c00000,0x00000000e20fe210,0x00000000e3180000)
 Metaspace       used 10301K, capacity 10460K, committed 10624K, reserved 1058816K
  class space    used 1310K, capacity 1373K, committed 1408K, reserved 1048576K
Event: 7.593 GC heap after
Heap after GC invocations=6 (full 0):
 PSYoungGen      total 9728K, used 1008K [0x00000000f5f00000, 0x00000000f6980000, 0x0000000100000000)
  eden space 8704K, 0% used [0x00000000f5f00000,0x00000000f5f00000,0x00000000f6780000)
  from space 1024K, 98% used [0x00000000f6880000,0x00000000f697c010,0x00000000f6980000)
  to   space 1024K, 0% used [0x00000000f6780000,0x00000000f6780000,0x00000000f6880000)
 ParOldGen       total 22016K, used 6467K [0x00000000e1c00000, 0x00000000e3180000, 0x00000000f5f00000)
  object space 22016K, 29% used [0x00000000e1c00000,0x00000000e2250ef0,0x00000000e3180000)
 Metaspace       used 10301K, capacity 10460K, committed 10624K, reserved 1058816K
  class space    used 1310K, capacity 1373K, committed 1408K, reserved 1048576K
}
Event: 11.846 GC heap before
{Heap before GC invocations=7 (full 0):
 PSYoungGen      total 9728K, used 9712K [0x00000000f5f00000, 0x00000000f6980000, 0x0000000100000000)
  eden space 8704K, 100% used [0x00000000f5f00000,0x00000000f6780000,0x00000000f6780000)
  from space 1024K, 98% used [0x00000000f6880000,0x00000000f697c010,0x00000000f6980000)
  to   space 1024K, 0% used [0x00000000f6780000,0x00000000f6780000,0x00000000f6880000)
 ParOldGen       total 22016K, used 6467K [0x00000000e1c00000, 0x00000000e3180000, 0x00000000f5f00000)
  object space 22016K, 29% used [0x00000000e1c00000,0x00000000e2250ef0,0x00000000e3180000)
 Metaspace       used 12110K, capacity 12332K, committed 12672K, reserved 1060864K
  class space    used 1489K, capacity 1573K, committed 1664K, reserved 1048576K
Event: 11.855 GC heap after
Heap after GC invocations=7 (full 0):
 PSYoungGen      total 9728K, used 1008K [0x00000000f5f00000, 0x00000000f7600000, 0x0000000100000000)
  eden space 8704K, 0% used [0x00000000f5f00000,0x00000000f5f00000,0x00000000f6780000)
  from space 1024K, 98% used [0x00000000f6780000,0x00000000f687c010,0x00000000f6880000)
  to   space 3072K, 0% used [0x00000000f7300000,0x00000000f7300000,0x00000000f7600000)
 ParOldGen       total 22016K, used 8288K [0x00000000e1c00000, 0x00000000e3180000, 0x00000000f5f00000)
  object space 22016K, 37% used [0x00000000e1c00000,0x00000000e2418030,0x00000000e3180000)
 Metaspace       used 12110K, capacity 12332K, committed 12672K, reserved 1060864K
  class space    used 1489K, capacity 1573K, committed 1664K, reserved 1048576K
}
Event: 13.513 GC heap before
{Heap before GC invocations=8 (full 0):
 PSYoungGen      total 9728K, used 9712K [0x00000000f5f00000, 0x00000000f7600000, 0x0000000100000000)
  eden space 8704K, 100% used [0x00000000f5f00000,0x00000000f6780000,0x00000000f6780000)
  from space 1024K, 98% used [0x00000000f6780000,0x00000000f687c010,0x00000000f6880000)
  to   space 3072K, 0% used [0x00000000f7300000,0x00000000f7300000,0x00000000f7600000)
 ParOldGen       total 22016K, used 8288K [0x00000000e1c00000, 0x00000000e3180000, 0x00000000f5f00000)
  object space 22016K, 37% used [0x00000000e1c00000,0x00000000e2418030,0x00000000e3180000)
 Metaspace       used 12436K, capacity 12678K, committed 12928K, reserved 1060864K
  class space    used 1517K, capacity 1579K, committed 1664K, reserved 1048576K
Event: 13.608 GC heap after
Heap after GC invocations=8 (full 0):
 PSYoungGen      total 20480K, used 1501K [0x00000000f5f00000, 0x00000000f7600000, 0x0000000100000000)
  eden space 17408K, 0% used [0x00000000f5f00000,0x00000000f5f00000,0x00000000f7000000)
  from space 3072K, 48% used [0x00000000f7300000,0x00000000f7477450,0x00000000f7600000)
  to   space 3072K, 0% used [0x00000000f7000000,0x00000000f7000000,0x00000000f7300000)
 ParOldGen       total 22016K, used 8568K [0x00000000e1c00000, 0x00000000e3180000, 0x00000000f5f00000)
  object space 22016K, 38% used [0x00000000e1c00000,0x00000000e245e030,0x00000000e3180000)
 Metaspace       used 12436K, capacity 12678K, committed 12928K, reserved 1060864K
  class space    used 1517K, capacity 1579K, committed 1664K, reserved 1048576K
}

