# JRE version: Java(TM) SE Runtime Environment (8.0_251-b08) (build 1.8.0_251-b08)
# Java VM: Java HotSpot(TM) 64-Bit Server VM (25.251-b08 mixed mode windows-amd64 compressed oops)
Heap:
 PSYoungGen      total 74240K, used 5961K [0x00000000f5f00000, 0x00000000fac00000, 0x0000000100000000)
  eden space 69632K, 1% used [0x00000000f5f00000,0x00000000f605a4b0,0x00000000fa300000)
  from space 4608K, 99% used [0x00000000fa300000,0x00000000fa778020,0x00000000fa780000)
  to   space 4608K, 0% used [0x00000000fa780000,0x00000000fa780000,0x00000000fac00000)
 ParOldGen       total 22016K, used 11196K [0x00000000e1c00000, 0x00000000e3180000, 0x00000000f5f00000)
  object space 22016K, 50% used [0x00000000e1c00000,0x00000000e26ef108,0x00000000e3180000)
 Metaspace       used 13032K, capacity 13288K, committed 13440K, reserved 1060864K
  class space    used 1529K, capacity 1622K, committed 1664K, reserved 1048576K
GC Heap History (10 events):
Event: 2.366 GC heap before
{Heap before GC invocations=3 (full 0):
 PSYoungGen      total 18432K, used 18423K [0x00000000f5f00000, 0x00000000f7200000, 0x0000000100000000)
  eden space 17408K, 100% used [0x00000000f5f00000,0x00000000f7000000,0x00000000f7000000)
  from space 1024K, 99% used [0x00000000f7100000,0x00000000f71fde90,0x00000000f7200000)
  to   space 1024K, 0% used [0x00000000f7000000,0x00000000f7000000,0x00000000f7100000)
 ParOldGen       total 22016K, used 2117K [0x00000000e1c00000, 0x00000000e3180000, 0x00000000f5f00000)
  object space 22016K, 9% used [0x00000000e1c00000,0x00000000e1e114d8,0x00000000e3180000)
 Metaspace       used 7954K, capacity 8104K, committed 8320K, reserved 1056768K
  class space    used 1013K, capacity 1082K, committed 1152K, reserved 1048576K
Event: 2.372 GC heap after
Heap after GC invocations=3 (full 0):
 PSYoungGen      total 18432K, used 1024K [0x00000000f5f00000, 0x00000000f8300000, 0x0000000100000000)
  eden space 17408K, 0% used [0x00000000f5f00000,0x00000000f5f00000,0x00000000f7000000)
  from space 1024K, 100% used [0x00000000f7000000,0x00000000f7100000,0x00000000f7100000)
  to   space 1024K, 0% used [0x00000000f8200000,0x00000000f8200000,0x00000000f8300000)
 ParOldGen       total 22016K, used 3711K [0x00000000e1c00000, 0x00000000e3180000, 0x00000000f5f00000)
  object space 22016K, 16% used [0x00000000e1c00000,0x00000000e1f9ff90,0x00000000e3180000)
 Metaspace       used 7954K, capacity 8104K, committed 8320K, reserved 1056768K
  class space    used 1013K, capacity 1082K, committed 1152K, reserved 1048576K
}
Event: 3.209 GC heap before
{Heap before GC invocations=4 (full 0):
 PSYoungGen      total 18432K, used 18432K [0x00000000f5f00000, 0x00000000f8300000, 0x0000000100000000)
  eden space 17408K, 100% used [0x00000000f5f00000,0x00000000f7000000,0x00000000f7000000)
  from space 1024K, 100% used [0x00000000f7000000,0x00000000f7100000,0x00000000f7100000)
  to   space 1024K, 0% used [0x00000000f8200000,0x00000000f8200000,0x00000000f8300000)
 ParOldGen       total 22016K, used 3711K [0x00000000e1c00000, 0x00000000e3180000, 0x00000000f5f00000)
  object space 22016K, 16% used [0x00000000e1c00000,0x00000000e1f9ff90,0x00000000e3180000)
 Metaspace       used 10264K, capacity 10396K, committed 10624K, reserved 1058816K
  class space    used 1308K, capacity 1373K, committed 1408K, reserved 1048576K
Event: 3.222 GC heap after
Heap after GC invocations=4 (full 0):
 PSYoungGen      total 35840K, used 1024K [0x00000000f5f00000, 0x00000000f8300000, 0x0000000100000000)
  eden space 34816K, 0% used [0x00000000f5f00000,0x00000000f5f00000,0x00000000f8100000)
  from space 1024K, 100% used [0x00000000f8200000,0x00000000f8300000,0x00000000f8300000)
  to   space 1024K, 0% used [0x00000000f8100000,0x00000000f8100000,0x00000000f8200000)
 ParOldGen       total 22016K, used 6439K [0x00000000e1c00000, 0x00000000e3180000, 0x00000000f5f00000)
  object space 22016K, 29% used [0x00000000e1c00000,0x00000000e2249f68,0x00000000e3180000)
 Metaspace       used 10264K, capacity 10396K, committed 10624K, reserved 1058816K
  class space    used 1308K, capacity 1373K, committed 1408K, reserved 1048576K
}
Event: 8.127 GC heap before
{Heap before GC invocations=5 (full 0):
 PSYoungGen      total 35840K, used 35840K [0x00000000f5f00000, 0x00000000f8300000, 0x0000000100000000)
  eden space 34816K, 100% used [0x00000000f5f00000,0x00000000f8100000,0x00000000f8100000)
  from space 1024K, 100% used [0x00000000f8200000,0x00000000f8300000,0x00000000f8300000)
  to   space 1024K, 0% used [0x00000000f8100000,0x00000000f8100000,0x00000000f8200000)
 ParOldGen       total 22016K, used 6439K [0x00000000e1c00000, 0x00000000e3180000, 0x00000000f5f00000)
  object space 22016K, 29% used [0x00000000e1c00000,0x00000000e2249f68,0x00000000e3180000)
 Metaspace       used 12529K, capacity 12786K, committed 12928K, reserved 1060864K
  class space    used 1521K, capacity 1613K, committed 1664K, reserved 1048576K
Event: 8.328 GC heap after
Heap after GC invocations=5 (full 0):
 PSYoungGen      total 35840K, used 1008K [0x00000000f5f00000, 0x00000000fac00000, 0x0000000100000000)
  eden space 34816K, 0% used [0x00000000f5f00000,0x00000000f5f00000,0x00000000f8100000)
  from space 1024K, 98% used [0x00000000f8100000,0x00000000f81fc010,0x00000000f8200000)
  to   space 4608K, 0% used [0x00000000fa780000,0x00000000fa780000,0x00000000fac00000)
 ParOldGen       total 22016K, used 9332K [0x00000000e1c00000, 0x00000000e3180000, 0x00000000f5f00000)
  object space 22016K, 42% used [0x00000000e1c00000,0x00000000e251d0b8,0x00000000e3180000)
 Metaspace       used 12529K, capacity 12786K, committed 12928K, reserved 1060864K
  class space    used 1521K, capacity 1613K, committed 1664K, reserved 1048576K
}
Event: 11.597 GC heap before
{Heap before GC invocations=6 (full 0):
 PSYoungGen      total 35840K, used 35824K [0x00000000f5f00000, 0x00000000fac00000, 0x0000000100000000)
  eden space 34816K, 100% used [0x00000000f5f00000,0x00000000f8100000,0x00000000f8100000)
  from space 1024K, 98% used [0x00000000f8100000,0x00000000f81fc010,0x00000000f8200000)
  to   space 4608K, 0% used [0x00000000fa780000,0x00000000fa780000,0x00000000fac00000)
 ParOldGen       total 22016K, used 9332K [0x00000000e1c00000, 0x00000000e3180000, 0x00000000f5f00000)
  object space 22016K, 42% used [0x00000000e1c00000,0x00000000e251d0b8,0x00000000e3180000)
 Metaspace       used 12640K, capacity 12938K, committed 13184K, reserved 1060864K
  class space    used 1524K, capacity 1617K, committed 1664K, reserved 1048576K
Event: 11.613 GC heap after
Heap after GC invocations=6 (full 0):
 PSYoungGen      total 74240K, used 2672K [0x00000000f5f00000, 0x00000000fac00000, 0x0000000100000000)
  eden space 69632K, 0% used [0x00000000f5f00000,0x00000000f5f00000,0x00000000fa300000)
  from space 4608K, 57% used [0x00000000fa780000,0x00000000faa1c030,0x00000000fac00000)
  to   space 4608K, 0% used [0x00000000fa300000,0x00000000fa300000,0x00000000fa780000)
 ParOldGen       total 22016K, used 9340K [0x00000000e1c00000, 0x00000000e3180000, 0x00000000f5f00000)
  object space 22016K, 42% used [0x00000000e1c00000,0x00000000e251f0b8,0x00000000e3180000)
 Metaspace       used 12640K, capacity 12938K, committed 13184K, reserved 1060864K
  class space    used 1524K, capacity 1617K, committed 1664K, reserved 1048576K
}
Event: 21.349 GC heap before
{Heap before GC invocations=7 (full 0):
 PSYoungGen      total 74240K, used 72304K [0x00000000f5f00000, 0x00000000fac00000, 0x0000000100000000)
  eden space 69632K, 100% used [0x00000000f5f00000,0x00000000fa300000,0x00000000fa300000)
  from space 4608K, 57% used [0x00000000fa780000,0x00000000faa1c030,0x00000000fac00000)
  to   space 4608K, 0% used [0x00000000fa300000,0x00000000fa300000,0x00000000fa780000)
 ParOldGen       total 22016K, used 9340K [0x00000000e1c00000, 0x00000000e3180000, 0x00000000f5f00000)
  object space 22016K, 42% used [0x00000000e1c00000,0x00000000e251f0b8,0x00000000e3180000)
 Metaspace       used 13031K, capacity 13288K, committed 13440K, reserved 1060864K
  class space    used 1529K, capacity 1622K, committed 1664K, reserved 1048576K
Event: 21.374 GC heap after
Heap after GC invocations=7 (full 0):
 PSYoungGen      total 74240K, used 4576K [0x00000000f5f00000, 0x00000000fac00000, 0x0000000100000000)
  eden space 69632K, 0% used [0x00000000f5f00000,0x00000000f5f00000,0x00000000fa300000)
  from space 4608K, 99% used [0x00000000fa300000,0x00000000fa778020,0x00000000fa780000)
  to   space 4608K, 0% used [0x00000000fa780000,0x00000000fa780000,0x00000000fac00000)
 ParOldGen       total 22016K, used 11196K [0x00000000e1c00000, 0x00000000e3180000, 0x00000000f5f00000)
  object space 22016K, 50% used [0x00000000e1c00000,0x00000000e26ef108,0x00000000e3180000)
 Metaspace       used 13031K, capacity 13288K, committed 13440K, reserved 1060864K
  class space    used 1529K, capacity 1622K, committed 1664K, reserved 1048576K
}

